<?xml version="1.0" encoding="UTF-8"?>
<!-- Generated by org.testng.reporters.JUnitReportReporter -->
<testsuite hostname="SUDIPTA-PC" name="com.java.ResturantMgmt.tdd.tableinfo.TableInfoVOSearchTest" tests="1" failures="1" timestamp="7 Dec 2014 06:56:31 GMT" time="3.198" errors="0">
  <testcase name="testEvaluateRPNPositive" time="3.198" classname="com.java.ResturantMgmt.tdd.tableinfo.TableInfoVOSearchTest">
    <failure type="java.lang.IllegalArgumentException" message="&#039;name&#039; must not be null">
      <![CDATA[java.lang.IllegalArgumentException: 'name' must not be null
	at org.springframework.util.Assert.notNull(Assert.java:112)
	at org.springframework.beans.factory.BeanFactoryUtils.transformedBeanName(BeanFactoryUtils.java:72)
	at org.springframework.beans.factory.support.AbstractBeanFactory.transformedBeanName(AbstractBeanFactory.java:1069)
	at org.springframework.beans.factory.support.AbstractBeanFactory.doGetBean(AbstractBeanFactory.java:237)
	at org.springframework.beans.factory.support.AbstractBeanFactory.getBean(AbstractBeanFactory.java:195)
	at org.springframework.context.support.AbstractApplicationContext.getBean(AbstractApplicationContext.java:973)
	at com.java.ResturantMgmt.util.ServiceLocator.getService(ServiceLocator.java:24)
	at com.java.ResturantMgmt.core.businessdelegate.BusinessDelegate.doProcess(BusinessDelegate.java:12)
	at com.java.ResturantMgmt.tdd.tableinfo.TableInfoVOSearchTest.testEvaluateRPNPositive(TableInfoVOSearchTest.java:23)
	at sun.reflect.NativeMethodAccessorImpl.invoke0(Native Method)
	at sun.reflect.NativeMethodAccessorImpl.invoke(NativeMethodAccessorImpl.java:39)
	at sun.reflect.DelegatingMethodAccessorImpl.invoke(DelegatingMethodAccessorImpl.java:25)
	at java.lang.reflect.Method.invoke(Method.java:597)
	at org.testng.internal.MethodInvocationHelper.invokeMethod(MethodInvocationHelper.java:84)
	at org.testng.internal.Invoker.invokeMethod(Invoker.java:714)
	at org.testng.internal.Invoker.invokeTestMethod(Invoker.java:901)
	at org.testng.internal.Invoker.invokeTestMethods(Invoker.java:1231)
	at org.testng.internal.TestMethodWorker.invokeTestMethods(TestMethodWorker.java:127)
	at org.testng.internal.TestMethodWorker.run(TestMethodWorker.java:111)
	at org.testng.TestRunner.privateRun(TestRunner.java:767)
	at org.testng.TestRunner.run(TestRunner.java:617)
	at org.testng.SuiteRunner.runTest(SuiteRunner.java:334)
	at org.testng.SuiteRunner.runSequentially(SuiteRunner.java:329)
	at org.testng.SuiteRunner.privateRun(SuiteRunner.java:291)
	at org.testng.SuiteRunner.run(SuiteRunner.java:240)
	at org.testng.SuiteRunnerWorker.runSuite(SuiteRunnerWorker.java:52)
	at org.testng.SuiteRunnerWorker.run(SuiteRunnerWorker.java:86)
	at org.testng.TestNG.runSuitesSequentially(TestNG.java:1224)
	at org.testng.TestNG.runSuitesLocally(TestNG.java:1149)
	at org.testng.TestNG.run(TestNG.java:1057)
	at org.infinitest.testrunner.JUnit4Runner.runTestNGTest(JUnit4Runner.java:77)
	at org.infinitest.testrunner.JUnit4Runner.runTest(JUnit4Runner.java:57)
	at org.infinitest.testrunner.TestRunnerProcess.runTest(TestRunnerProcess.java:70)
	at org.infinitest.testrunner.TestRunnerProcess.writeTestResultToOutputStream(TestRunnerProcess.java:112)
	at org.infinitest.testrunner.TestRunnerProcess.main(TestRunnerProcess.java:89)
]]>
    </failure>
  </testcase> <!-- testEvaluateRPNPositive -->
</testsuite> <!-- com.java.ResturantMgmt.tdd.tableinfo.TableInfoVOSearchTest -->
