<?xml version="1.0" encoding="UTF-8"?>
<!-- Generated by org.testng.reporters.JUnitReportReporter -->
<testsuite hostname="SUDIPTA-PC" name="com.java.ResturantMgmt.tdd.tableinfo.TableInfoSearchTest" tests="1" failures="0" timestamp="3 Feb 2015 18:20:17 GMT" time="2.303" errors="0">
  <testcase name="testEvaluateRPNPositive" time="2.303" classname="com.java.ResturantMgmt.tdd.tableinfo.TableInfoSearchTest"/>
</testsuite> <!-- com.java.ResturantMgmt.tdd.tableinfo.TableInfoSearchTest -->
